<?xml version="1.0" encoding="UTF-8"?>
<testsuite xmlns:xsi="http://www.w3.org/2001/XMLSchema-instance" xsi:noNamespaceSchemaLocation="https://maven.apache.org/surefire/maven-surefire-plugin/xsd/surefire-test-report.xsd" name="TestSuite" time="6.354" tests="4" errors="0" skipped="0" failures="0">
  <properties>
[...]
</properties>
  <testcase name="runScenario" classname="com.test.runner.CucumberRunnerClass" time="3.04"/>
  <testcase name="runScenario" classname="com.test.runner.CucumberRunnerClass" time="3.289"/>
  <testcase name="runScenario" classname="com.test.runner.CucumberRunnerClass" time="3.309"/>
  <testcase name="runScenario" classname="com.test.runner.CucumberRunnerClass" time="3.341"/>
</testsuite>