<?xml version="1.0" encoding="UTF-8"?>
<testng-results ignored="0" total="4" passed="4" failed="0" skipped="0">
  <reporter-output>
  </reporter-output>
  <suite started-at="2021-05-05T23:13:42 IST" name="Suite" finished-at="2021-05-05T23:13:48 IST" duration-ms="5744">
    <groups>
      <group name="cucumber">
        <method signature="AbstractTestNGCucumberTests.runScenario(io.cucumber.testng.PickleWrapper, io.cucumber.testng.FeatureWrapper)[pri:0, instance:com.test.runner.CucumberRunnerClass@4f209819]" name="runScenario" class="io.cucumber.testng.AbstractTestNGCucumberTests"/>
      </group> <!-- cucumber -->
    </groups>
    <test started-at="2021-05-05T23:13:42 IST" name="Complete test run" finished-at="2021-05-05T23:13:48 IST" duration-ms="5744">
      <class name="com.test.runner.CucumberRunnerClass">
        <test-method is-config="true" signature="setUpClass()[pri:0, instance:com.test.runner.CucumberRunnerClass@4f209819]" started-at="2021-05-05T23:13:42 IST" name="setUpClass" finished-at="2021-05-05T23:13:42 IST" duration-ms="590" status="PASS">
          <reporter-output>
          </reporter-output>
        </test-method> <!-- setUpClass -->
        <test-method signature="runScenario(io.cucumber.testng.PickleWrapper, io.cucumber.testng.FeatureWrapper)[pri:0, instance:com.test.runner.CucumberRunnerClass@4f209819]" started-at="2021-05-05T23:13:42 IST" name="runScenario" description="Runs Cucumber Scenarios" data-provider="scenarios" finished-at="2021-05-05T23:13:46 IST" duration-ms="3285" status="PASS">
          <params>
            <param index="0">
              <value>
                <![CDATA["TC_01-iteration2:Valid login"]]>
              </value>
            </param>
            <param index="1">
              <value>
                <![CDATA["Optional[ArunTest]"]]>
              </value>
            </param>
          </params>
          <reporter-output>
          </reporter-output>
        </test-method> <!-- runScenario -->
        <test-method signature="runScenario(io.cucumber.testng.PickleWrapper, io.cucumber.testng.FeatureWrapper)[pri:0, instance:com.test.runner.CucumberRunnerClass@4f209819]" started-at="2021-05-05T23:13:42 IST" name="runScenario" description="Runs Cucumber Scenarios" data-provider="scenarios" finished-at="2021-05-05T23:13:46 IST" duration-ms="3285" status="PASS">
          <params>
            <param index="0">
              <value>
                <![CDATA["TC_04:Invalid Login2"]]>
              </value>
            </param>
            <param index="1">
              <value>
                <![CDATA["Optional[ArunTest2]"]]>
              </value>
            </param>
          </params>
          <reporter-output>
          </reporter-output>
        </test-method> <!-- runScenario -->
        <test-method signature="runScenario(io.cucumber.testng.PickleWrapper, io.cucumber.testng.FeatureWrapper)[pri:0, instance:com.test.runner.CucumberRunnerClass@4f209819]" started-at="2021-05-05T23:13:42 IST" name="runScenario" description="Runs Cucumber Scenarios" data-provider="scenarios" finished-at="2021-05-05T23:13:46 IST" duration-ms="3347" status="PASS">
          <params>
            <param index="0">
              <value>
                <![CDATA["TC_01-iteration3:Valid login"]]>
              </value>
            </param>
            <param index="1">
              <value>
                <![CDATA["Optional[ArunTest]"]]>
              </value>
            </param>
          </params>
          <reporter-output>
          </reporter-output>
        </test-method> <!-- runScenario -->
        <test-method signature="runScenario(io.cucumber.testng.PickleWrapper, io.cucumber.testng.FeatureWrapper)[pri:0, instance:com.test.runner.CucumberRunnerClass@4f209819]" started-at="2021-05-05T23:13:42 IST" name="runScenario" description="Runs Cucumber Scenarios" data-provider="scenarios" finished-at="2021-05-05T23:13:46 IST" duration-ms="3285" status="PASS">
          <params>
            <param index="0">
              <value>
                <![CDATA["TC_01:Valid login"]]>
              </value>
            </param>
            <param index="1">
              <value>
                <![CDATA["Optional[ArunTest]"]]>
              </value>
            </param>
          </params>
          <reporter-output>
          </reporter-output>
        </test-method> <!-- runScenario -->
        <test-method is-config="true" signature="tearDownClass()[pri:0, instance:com.test.runner.CucumberRunnerClass@4f209819]" started-at="2021-05-05T23:13:46 IST" name="tearDownClass" finished-at="2021-05-05T23:13:48 IST" duration-ms="1765" status="PASS">
          <reporter-output>
          </reporter-output>
        </test-method> <!-- tearDownClass -->
      </class> <!-- com.test.runner.CucumberRunnerClass -->
    </test> <!-- Complete test run -->
  </suite> <!-- Suite -->
</testng-results>
